#
# A fatal error has been detected by the Java Runtime Environment:
#
#  EXCEPTION_ACCESS_VIOLATION (0xc0000005) at pc=0x000000005490248b, pid=10508, tid=4592
#
# JRE version: Java(TM) SE Runtime Environment (7.0_51-b13) (build 1.7.0_51-b13)
# Java VM: Java HotSpot(TM) 64-Bit Server VM (24.51-b03 mixed mode windows-amd64 compressed oops)
# Problematic frame:
# V  [jvm.dll+0x14248b]
#
# Failed to write core dump. Minidumps are not enabled by default on client versions of Windows
#
# If you would like to submit a bug report, please visit:
#   http://bugreport.sun.com/bugreport/crash.jsp
#

---------------  T H R E A D  ---------------

Current thread (0x0000000008617800):  JavaThread "JDWP Transport Listener: dt_socket" daemon [_thread_in_vm, id=4592, stack(0x000000000a870000,0x000000000a970000)]

siginfo: ExceptionCode=0xc0000005, reading address 0xffffffffffffffff

Registers:
RAX=0x000000000a96f101, RBX=0x0000000008617800, RCX=0x003b6c706d003b31, RDX=0x0000000000000000
RSP=0x000000000a96f150, RBP=0x003b6c706d003b31, RSI=0x000000000a96f268, RDI=0x0000000000198ef0
R8 =0x0000000008617800, R9 =0x0000000000000700, R10=0x0000000000000000, R11=0x61726b70001f001f
R12=0x0000000000000000, R13=0x000000000860bf08, R14=0x0000000000000000, R15=0x0000000000000000
RIP=0x000000005490248b, EFLAGS=0x0000000000010202

Top of Stack: (sp=0x000000000a96f150)
0x000000000a96f150:   0000000008617800 0000000000000005
0x000000000a96f160:   000000000a96f218 0000000054aa1239
0x000000000a96f170:   0000000008617800 0000000054abede2
0x000000000a96f180:   0000000000000000 0000000062518e89
0x000000000a96f190:   000000000ac07910 000000006252265a
0x000000000a96f1a0:   0000000008617800 0000000000000000
0x000000000a96f1b0:   0000000000000000 0000000000000000
0x000000000a96f1c0:   003b6c706d003b31 0000000062521751
0x000000000a96f1d0:   000000000a96f268 000000000a96f240
0x000000000a96f1e0:   0000000000000001 000000000ac07910
0x000000000a96f1f0:   003b6c706d003b31 00000000625053b3
0x000000000a96f200:   000000000a96f330 0000000000000001
0x000000000a96f210:   0000000000000001 000000000ac07910
0x000000000a96f220:   000000000000000a 0000000000000000
0x000000000a96f230:   0000000000000000 0000000000000000
0x000000000a96f240:   0000000000000001 0000000062505571 

Instructions: (pc=0x000000005490248b)
0x000000005490246b:   48 8b 5c 24 30 48 89 47 18 48 83 c4 20 5f c3 cc
0x000000005490247b:   cc cc cc cc cc 40 53 48 83 ec 20 48 85 c9 74 54
0x000000005490248b:   48 8b 19 48 85 db 74 4c 48 b8 fe fe fe fe fe fe
0x000000005490249b:   fe fe 48 3b d8 74 3d 80 3d 8f 87 60 00 00 74 15 


Register to memory mapping:

RAX=0x000000000a96f101 is pointing into the stack for thread: 0x0000000008617800
RBX=0x0000000008617800 is a thread
RCX=0x003b6c706d003b31 is an unknown value
RDX=0x0000000000000000 is an unknown value
RSP=0x000000000a96f150 is pointing into the stack for thread: 0x0000000008617800
RBP=0x003b6c706d003b31 is an unknown value
RSI=0x000000000a96f268 is pointing into the stack for thread: 0x0000000008617800
RDI=0x0000000000198ef0 is an unknown value
R8 =0x0000000008617800 is a thread
R9 =0x0000000000000700 is an unknown value
R10=0x0000000000000000 is an unknown value
R11=0x61726b70001f001f is an unknown value
R12=0x0000000000000000 is an unknown value
R13=0x000000000860bf08 is an unknown value
R14=0x0000000000000000 is an unknown value
R15=0x0000000000000000 is an unknown value


Stack: [0x000000000a870000,0x000000000a970000],  sp=0x000000000a96f150,  free space=1020k
Native frames: (J=compiled Java code, j=interpreted, Vv=VM code, C=native code)
V  [jvm.dll+0x14248b]


---------------  P R O C E S S  ---------------

Java Threads: ( => current thread )
  0x000000000abf3000 JavaThread "Service Thread" daemon [_thread_blocked, id=3164, stack(0x000000000a9c0000,0x000000000aac0000)]
  0x000000000862d800 JavaThread "C2 CompilerThread1" daemon [_thread_blocked, id=5520, stack(0x000000000b020000,0x000000000b120000)]
  0x000000000abf0800 JavaThread "C2 CompilerThread0" daemon [_thread_blocked, id=4088, stack(0x000000000b130000,0x000000000b230000)]
  0x0000000008626000 JavaThread "JDWP Command Reader" daemon [_thread_in_native, id=8020, stack(0x000000000aae0000,0x000000000abe0000)]
  0x0000000008625000 JavaThread "JDWP Event Helper Thread" daemon [_thread_blocked, id=10888, stack(0x000000000a620000,0x000000000a720000)]
=>0x0000000008617800 JavaThread "JDWP Transport Listener: dt_socket" daemon [_thread_in_vm, id=4592, stack(0x000000000a870000,0x000000000a970000)]
  0x0000000008611000 JavaThread "Attach Listener" daemon [_thread_blocked, id=1516, stack(0x0000000009d10000,0x0000000009e10000)]
  0x000000000860a000 JavaThread "Signal Dispatcher" daemon [_thread_blocked, id=10512, stack(0x0000000009b30000,0x0000000009c30000)]
  0x00000000085b4800 JavaThread "Finalizer" daemon [_thread_blocked, id=8564, stack(0x0000000009580000,0x0000000009680000)]
  0x00000000085ad800 JavaThread "Reference Handler" daemon [_thread_blocked, id=7336, stack(0x0000000009840000,0x0000000009940000)]
  0x000000000019f000 JavaThread "main" [_thread_in_Java, id=10648, stack(0x00000000024a0000,0x00000000025a0000)]

Other Threads:
  0x00000000085a8000 VMThread [stack: 0x0000000009680000,0x0000000009780000] [id=4504]
  0x000000000862e800 WatcherThread [stack: 0x000000000b390000,0x000000000b490000] [id=5232]

VM state:not at safepoint (normal execution)

VM Mutex/Monitor currently owned by a thread: None

Heap
 PSYoungGen      total 18944K, used 983K [0x00000000eaf00000, 0x00000000ec400000, 0x0000000100000000)
  eden space 16384K, 6% used [0x00000000eaf00000,0x00000000eaff5d70,0x00000000ebf00000)
  from space 2560K, 0% used [0x00000000ec180000,0x00000000ec180000,0x00000000ec400000)
  to   space 2560K, 0% used [0x00000000ebf00000,0x00000000ebf00000,0x00000000ec180000)
 ParOldGen       total 43008K, used 0K [0x00000000c0e00000, 0x00000000c3800000, 0x00000000eaf00000)
  object space 43008K, 0% used [0x00000000c0e00000,0x00000000c0e00000,0x00000000c3800000)
 PSPermGen       total 21504K, used 2414K [0x00000000bbc00000, 0x00000000bd100000, 0x00000000c0e00000)
  object space 21504K, 11% used [0x00000000bbc00000,0x00000000bbe5b840,0x00000000bd100000)

Card table byte_map: [0x00000000055a0000,0x00000000057d0000] byte_map_base: 0x0000000004fc2000

Polling page: 0x0000000000120000

Code Cache  [0x00000000025a0000, 0x0000000002810000, 0x00000000055a0000)
 total_blobs=184 nmethods=11 adapters=134 free_code_cache=48759Kb largest_free_block=49913024

Compilation events (10 events):
Event: 0.593 Thread 0x000000000abf0800 nmethod 6 0x00000000026006d0 code [0x0000000002600840, 0x0000000002600a38]
Event: 0.617 Thread 0x000000000862d800 nmethod 7% 0x0000000002603290 code [0x0000000002603420, 0x0000000002603918]
Event: 24.691 Thread 0x000000000abf0800    8             alg_genetico.programa_principal::estaNro (31 bytes)
Event: 24.707 Thread 0x000000000abf0800 nmethod 8 0x0000000002600210 code [0x0000000002600360, 0x0000000002600578]
Event: 280.441 Thread 0x000000000862d800    9             alg_genetico.programa_principal::estaNro (31 bytes)
Event: 280.457 Thread 0x000000000862d800 nmethod 9 0x0000000002601090 code [0x00000000026011e0, 0x00000000026013f8]
Event: 636.030 Thread 0x000000000abf0800   10             alg_genetico.programa_principal::estaNro (31 bytes)
Event: 636.045 Thread 0x000000000abf0800 nmethod 10 0x00000000025fed90 code [0x00000000025feee0, 0x00000000025ff0f8]
Event: 667.574 Thread 0x000000000862d800   11             alg_genetico.programa_principal::estaNro (31 bytes)
Event: 667.589 Thread 0x000000000862d800 nmethod 11 0x00000000025fe8d0 code [0x00000000025fea20, 0x00000000025fec38]

GC Heap History (0 events):
No events

Deoptimization events (0 events):
No events

Internal exceptions (2 events):
Event: 0.158 Thread 0x000000000019f000 Threw 0x00000000eaf0b8c0 at C:\re\jdk7u51\527\hotspot\src\share\vm\prims\jni.cpp:3991
Event: 0.504 Thread 0x000000000019f000 Threw 0x00000000eaf4e0a0 at C:\re\jdk7u51\527\hotspot\src\share\vm\prims\jvm.cpp:1244

Events (10 events):
Event: 280.507 Executing VM operation: ChangeBreakpoints
Event: 280.507 Executing VM operation: ChangeBreakpoints done
Event: 635.986 Executing VM operation: RedefineClasses
Event: 635.986 Executing VM operation: RedefineClasses done
Event: 636.212 Executing VM operation: ChangeBreakpoints
Event: 636.212 Executing VM operation: ChangeBreakpoints done
Event: 636.213 Executing VM operation: ChangeBreakpoints
Event: 636.213 Executing VM operation: ChangeBreakpoints done
Event: 667.570 Executing VM operation: RedefineClasses
Event: 667.571 Executing VM operation: RedefineClasses done


Dynamic libraries:
0x000000013f5d0000 - 0x000000013f603000 	C:\Program Files\Java\jre7\bin\javaw.exe
0x0000000077230000 - 0x00000000773d9000 	C:\windows\SYSTEM32\ntdll.dll
0x0000000077110000 - 0x000000007722f000 	C:\windows\system32\kernel32.dll
0x000007fefd090000 - 0x000007fefd0fc000 	C:\windows\system32\KERNELBASE.dll
0x000007feff130000 - 0x000007feff20b000 	C:\windows\system32\ADVAPI32.dll
0x000007fefe4b0000 - 0x000007fefe54f000 	C:\windows\system32\msvcrt.dll
0x000007fefe550000 - 0x000007fefe56f000 	C:\windows\SYSTEM32\sechost.dll
0x000007fefef10000 - 0x000007feff03d000 	C:\windows\system32\RPCRT4.dll
0x0000000077010000 - 0x000000007710a000 	C:\windows\system32\USER32.dll
0x000007fefeea0000 - 0x000007fefef07000 	C:\windows\system32\GDI32.dll
0x000007fefe8b0000 - 0x000007fefe8be000 	C:\windows\system32\LPK.dll
0x000007feff470000 - 0x000007feff539000 	C:\windows\system32\USP10.dll
0x000007fefb9f0000 - 0x000007fefbbe4000 	C:\windows\WinSxS\amd64_microsoft.windows.common-controls_6595b64144ccf1df_6.0.7601.18837_none_fa3b1e3d17594757\COMCTL32.dll
0x000007fefedc0000 - 0x000007fefee31000 	C:\windows\system32\SHLWAPI.dll
0x000007fefd3a0000 - 0x000007fefd3ce000 	C:\windows\system32\IMM32.DLL
0x000007fefeaa0000 - 0x000007fefeba9000 	C:\windows\system32\MSCTF.dll
0x0000000062210000 - 0x00000000622e2000 	C:\Program Files\Java\jre7\bin\msvcr100.dll
0x00000000547c0000 - 0x0000000054f89000 	C:\Program Files\Java\jre7\bin\server\jvm.dll
0x000007fef83a0000 - 0x000007fef83a9000 	C:\windows\system32\WSOCK32.dll
0x000007fefe570000 - 0x000007fefe5bd000 	C:\windows\system32\WS2_32.dll
0x000007feff120000 - 0x000007feff128000 	C:\windows\system32\NSI.dll
0x000007fef80e0000 - 0x000007fef811b000 	C:\windows\system32\WINMM.dll
0x00000000773f0000 - 0x00000000773f7000 	C:\windows\system32\PSAPI.DLL
0x000000006a6f0000 - 0x000000006a6ff000 	C:\Program Files\Java\jre7\bin\verify.dll
0x0000000063e20000 - 0x0000000063e48000 	C:\Program Files\Java\jre7\bin\java.dll
0x0000000062500000 - 0x0000000062535000 	C:\Program Files\Java\jre7\bin\jdwp.dll
0x000000006a6e0000 - 0x000000006a6e8000 	C:\Program Files\Java\jre7\bin\npt.dll
0x0000000069b80000 - 0x0000000069b95000 	C:\Program Files\Java\jre7\bin\zip.dll
0x000000006a710000 - 0x000000006a719000 	C:\Program Files\Java\jre7\bin\dt_socket.dll
0x000007fefa960000 - 0x000007fefa975000 	C:\windows\system32\NLAapi.dll
0x000007fef8b40000 - 0x000007fef8b55000 	C:\windows\system32\napinsp.dll
0x000007fef8b10000 - 0x000007fef8b29000 	C:\windows\system32\pnrpnsp.dll
0x000007fefc780000 - 0x000007fefc7d5000 	C:\windows\System32\mswsock.dll
0x000007fefc600000 - 0x000007fefc65b000 	C:\windows\system32\DNSAPI.dll
0x000007fef8ac0000 - 0x000007fef8acb000 	C:\windows\System32\winrnr.dll
0x000007fef8ab0000 - 0x000007fef8ac0000 	C:\windows\system32\wshbth.dll
0x000007fef8960000 - 0x000007fef898e000 	C:\Program Files\Common Files\Microsoft Shared\Windows Live\WLIDNSP.DLL
0x0000000070f70000 - 0x0000000070f96000 	C:\Program Files\Bonjour\mdnsNSP.dll
0x000007fef9eb0000 - 0x000007fef9ed7000 	C:\windows\system32\Iphlpapi.DLL
0x000007fef9ea0000 - 0x000007fef9eab000 	C:\windows\system32\WINNSI.DLL
0x000007fef9d80000 - 0x000007fef9dd3000 	C:\windows\System32\fwpuclnt.dll
0x000007fef8400000 - 0x000007fef8408000 	C:\windows\system32\rasadhlp.dll
0x000007fefc150000 - 0x000007fefc157000 	C:\windows\System32\wshtcpip.dll
0x000007fefa640000 - 0x000007fefa765000 	C:\windows\system32\dbghelp.dll

VM Arguments:
jvm_args: -agentlib:jdwp=transport=dt_socket,suspend=y,address=localhost:59417 -Dfile.encoding=Cp1252 
java_command: alg_genetico.programa_principal
Launcher Type: SUN_STANDARD

Environment Variables:
JAVA_HOME=C:\Program Files\Java\jdk1.7.0_51
CLASSPATH=;C:\Program Files\Java\jdk1.7.0_51\src.zip.
PATH=C:\Program Files (x86)\PC Connectivity Solution\;C:\Program Files (x86)\NVIDIA Corporation\PhysX\Common;C:\Program Files\Common Files\Microsoft Shared\Windows Live;C:\Program Files (x86)\Common Files\Microsoft Shared\Windows Live;C:\windows\system32;C:\windows;C:\windows\System32\Wbem;C:\windows\System32\WindowsPowerShell\v1.0\;C:\Program Files\Lenovo\Bluetooth Software\;C:\Program Files\Lenovo\Bluetooth Software\syswow64;C:\Program Files (x86)\Windows Live\Shared;C:\Program Files (x86)\Intel\OpenCL SDK\2.0\bin\x86;C:\Program Files (x86)\Intel\OpenCL SDK\2.0\bin\x64;C:\Program Files (x86)\QuickTime\QTSystem\;C:\Program Files\Java\jdk1.7.0_51\bin;C:\Program Files\Java\jdk1.7.0_51\bin;C:\Program Files (x86)\MySQL\MySQL Server 5.0\bin;c:\Program Files (x86)\Microsoft SQL Server\100\Tools\Binn\;c:\Program Files\Microsoft SQL Server\100\Tools\Binn\;c:\Program Files\Microsoft SQL Server\100\DTS\Binn\;c:\Program Files (x86)\Microsoft SQL Server\100\Tools\Binn\VSShell\Common7\IDE\;c:\Program Files (x86)\Microsoft SQL Server\100\DTS\Binn\;C:\apache-maven-3.2.3\bin;C:\Program Files\Java\jdk1.7.0_51\bin;C:\Program Files\MATLAB\R2014b\runtime\win64;C:\Program Files\MATLAB\R2014b\bin;C:\Program Files\MATLAB\R2014b\polyspace\bin
USERNAME=Facundo
OS=Windows_NT
PROCESSOR_IDENTIFIER=Intel64 Family 6 Model 42 Stepping 7, GenuineIntel



---------------  S Y S T E M  ---------------

OS: Windows 7 , 64 bit Build 7601 Service Pack 1

CPU:total 4 (2 cores per cpu, 2 threads per core) family 6 model 42 stepping 7, cmov, cx8, fxsr, mmx, sse, sse2, sse3, ssse3, sse4.1, sse4.2, popcnt, avx, ht, tsc, tscinvbit

Memory: 4k page, physical 4136816k(1282768k free), swap 8271796k(3259980k free)

vm_info: Java HotSpot(TM) 64-Bit Server VM (24.51-b03) for windows-amd64 JRE (1.7.0_51-b13), built on Dec 18 2013 18:40:56 by "java_re" with unknown MS VC++:1600

time: Mon Aug 03 11:33:59 2015
elapsed time: 667 seconds

